<?xml version="1.0" encoding="UTF-8"?>
<!-- Generated by org.testng.reporters.JUnitReportReporter -->
<testsuite hostname="sukkuHP" failures="0" tests="1" name="basicRequests.GetDemo1" time="2.017" errors="0" timestamp="2025-03-24T16:07:53 EDT" skipped="0">
  <testcase classname="basicRequests.GetDemo1" name="testGetRequest" time="2.017"/>
</testsuite> <!-- basicRequests.GetDemo1 -->
