<?xml version="1.0" encoding="UTF-8"?>
<!-- Generated by org.testng.reporters.JUnitReportReporter -->
<testsuite hostname="sukkuHP" failures="0" tests="1" name="basicRequests.DeleteDemo1" time="2.420" errors="0" timestamp="2025-03-24T17:08:31 EDT" skipped="0">
  <testcase classname="basicRequests.DeleteDemo1" name="testPostRequest" time="2.420"/>
</testsuite> <!-- basicRequests.DeleteDemo1 -->
