<?xml version="1.0" encoding="UTF-8"?>
<!-- Generated by org.testng.reporters.JUnitReportReporter -->
<testsuite hostname="sukkuHP" failures="0" tests="1" name="basicRequests.PutDemo1" time="3.093" errors="0" timestamp="2025-03-24T17:03:01 EDT" skipped="0">
  <testcase classname="basicRequests.PutDemo1" name="testPostRequest" time="3.093"/>
</testsuite> <!-- basicRequests.PutDemo1 -->
