<?xml version="1.0" encoding="UTF-8"?>
<!-- Generated by org.testng.reporters.JUnitReportReporter -->
<testsuite hostname="sukkuHP" failures="0" tests="1" name="basicRequests.GetDemo2" time="3.032" errors="0" timestamp="2025-03-24T16:20:23 EDT" skipped="0">
  <testcase classname="basicRequests.GetDemo2" name="testGetRequest" time="3.032"/>
</testsuite> <!-- basicRequests.GetDemo2 -->
