<?xml version="1.0" encoding="UTF-8"?>
<!-- Generated by org.testng.reporters.JUnitReportReporter -->
<testsuite hostname="sukkuHP" failures="0" tests="1" name="demoApiRequest.DemoPost" time="3.513" errors="0" timestamp="2025-03-21T10:20:32 EDT" skipped="0">
  <testcase classname="demoApiRequest.DemoPost" name="testPostRequest" time="3.513"/>
</testsuite> <!-- demoApiRequest.DemoPost -->
