<?xml version="1.0" encoding="UTF-8"?>
<!-- Generated by org.testng.reporters.JUnitReportReporter -->
<testsuite hostname="sukkuHP" failures="0" tests="1" name="demoApiRequest.DemoGetTest" time="2.017" errors="0" timestamp="2025-03-21T09:25:03 EDT" skipped="0">
  <testcase classname="demoApiRequest.DemoGetTest" name="testGetRequest" time="2.017"/>
</testsuite> <!-- demoApiRequest.DemoGetTest -->
