<?xml version="1.0" encoding="UTF-8"?>
<!-- Generated by org.testng.reporters.JUnitReportReporter -->
<testsuite hostname="sukkuHP" failures="0" tests="1" name="basicRequests.GetDemo3" time="2.780" errors="0" timestamp="2025-03-24T16:33:56 EDT" skipped="0">
  <testcase classname="basicRequests.GetDemo3" name="testGetRequest2" time="2.780"/>
</testsuite> <!-- basicRequests.GetDemo3 -->
