<?xml version="1.0" encoding="UTF-8"?>
<!-- Generated by org.testng.reporters.JUnitReportReporter -->
<testsuite hostname="sukkuHP" failures="0" tests="1" name="basicRequests.PostDemo1" time="2.713" errors="0" timestamp="2025-03-24T16:59:27 EDT" skipped="0">
  <testcase classname="basicRequests.PostDemo1" name="testPostRequest" time="2.713"/>
</testsuite> <!-- basicRequests.PostDemo1 -->
