<?xml version="1.0" encoding="UTF-8"?>
<!-- Generated by org.testng.reporters.JUnitReportReporter -->
<testsuite hostname="sukkuHP" failures="0" tests="1" name="mockDemo.WireMockTest" time="4.743" errors="0" timestamp="2025-03-24T17:29:02 EDT" skipped="0">
  <testcase classname="mockDemo.WireMockTest" name="testMockGetRequest" time="4.743"/>
</testsuite> <!-- mockDemo.WireMockTest -->
