<?xml version="1.0" encoding="UTF-8"?>
<!-- Generated by org.testng.reporters.JUnitReportReporter -->
<testsuite hostname="sukkuHP" failures="0" tests="3" name="basicRequests.GetDemo4" time="2.406" errors="0" timestamp="2025-03-24T13:22:57 EDT" skipped="0">
  <testcase classname="basicRequests.GetDemo4" name="testGetSerialization" time="0.434"/>
  <testcase classname="basicRequests.GetDemo4" name="testGetDeSerialization" time="0.136"/>
  <testcase classname="basicRequests.GetDemo4" name="testGetArrayvalidation" time="1.836"/>
</testsuite> <!-- basicRequests.GetDemo4 -->
