<?xml version="1.0" encoding="UTF-8"?>
<!-- Generated by org.testng.reporters.JUnitReportReporter -->
<testsuite hostname="sukkuHP" failures="0" tests="1" name="chainingAPIDemo.chainAPICallsDemo" time="3.039" errors="0" timestamp="2025-03-24T17:12:55 EDT" skipped="0">
  <testcase classname="chainingAPIDemo.chainAPICallsDemo" name="test1" time="3.039"/>
</testsuite> <!-- chainingAPIDemo.chainAPICallsDemo -->
